<?xml version="1.0" encoding="UTF-8"?>
<!-- Generated by org.testng.reporters.JUnitXMLReporter -->
<testsuite hostname="DS-SGH631RNND" ignored="3" name="Personal Loan" tests="4" failures="0" timestamp="11 Jan 2019 08:41:22 GMT" time="0.023" errors="0">
  <testcase name="basic2" time="0.004" classname="basic_package.basic_class"/>
  <testcase name="basic5" time="0.001" classname="basic_package2.basic_class4"/>
  <testcase name="basic5" time="0.001" classname="basic_package.basic_class3"/>
  <testcase name="basic6" time="0.001" classname="basic_package.basic_class3"/>
  <testcase name="basic4" time="0.0" classname="basic_package.basic_class3">
    <ignored/>
  </testcase> <!-- basic4 -->
  <testcase name="basic" time="0.0" classname="basic_package.basic_class">
    <ignored/>
  </testcase> <!-- basic -->
  <testcase name="demo" time="0.0" classname="basic_package.basic_class">
    <ignored/>
  </testcase> <!-- demo -->
</testsuite> <!-- Personal Loan -->
