<?xml version="1.0" encoding="UTF-8"?>
<!-- Generated by org.testng.reporters.JUnitXMLReporter -->
<testsuite hostname="Lenovo-pc" name="Test" tests="4" failures="0" timestamp="19 Jan 2019 16:10:51 GMT" time="238.636" errors="0">
  <testcase name="Home" time="29.597" classname="Academy.HomePage"/>
  <testcase name="Home" time="21.996" classname="Academy.HomePage"/>
  <testcase name="Title" time="0.208" classname="Academy.validateTitle"/>
  <testcase name="Navigation" time="0.146" classname="Academy.validateNavigationBar"/>
</testsuite> <!-- Test -->
