<?xml version="1.0" encoding="UTF-8"?>
<!-- Generated by org.testng.reporters.JUnitXMLReporter -->
<testsuite hostname="DS-SGH631RNND" name="TitleValidation" tests="1" failures="1" timestamp="23 Jan 2019 10:59:44 GMT" time="10.368" errors="0">
  <testcase name="Title" time="0.047" classname="Academy.validateTitle">
    <failure type="java.lang.AssertionError" message="expected [FEATURED 123COURSES] but found [FEATURED COURSES]">
      <![CDATA[java.lang.AssertionError: expected [FEATURED 123COURSES] but found [FEATURED COURSES]
	at Academy.validateTitle.Title(validateTitle.java:38)
... Removed 29 stack frames]]>
    </failure>
  </testcase> <!-- Title -->
</testsuite> <!-- TitleValidation -->
