<?xml version="1.0" encoding="UTF-8"?>
<!-- Generated by org.testng.reporters.JUnitXMLReporter -->
<testsuite hostname="DS-SGH631RNND" ignored="1" name="Test" tests="11" failures="0" timestamp="11 Jan 2019 11:24:00 GMT" time="0.031" errors="0">
  <testcase name="MultipleRun" time="0.0" classname="basic_package.basic_class2"/>
  <testcase name="MultipleRun" time="0.0" classname="basic_package.basic_class2"/>
  <testcase name="MultipleRun" time="0.0" classname="basic_package.basic_class2"/>
  <testcase name="abc" time="0.0" classname="basic_package.basic_class2"/>
  <testcase name="bc" time="0.016" classname="basic_package.basic_class2"/>
  <testcase name="edemo" time="0.0" classname="basic_package.basic_class3"/>
  <testcase name="fdemo" time="0.0" classname="basic_package.basic_class3"/>
  <testcase name="basic4" time="0.0" classname="basic_package.basic_class3"/>
  <testcase name="demo" time="0.0" classname="basic_package.basic_class3"/>
  <testcase name="Demo123" time="0.0" classname="basic_package2.basic_class4"/>
  <testcase name="basic5" time="0.0" classname="basic_package2.basic_class4"/>
  <testcase name="gdemo" time="0.0" classname="basic_package.basic_class3">
    <ignored/>
  </testcase> <!-- gdemo -->
</testsuite> <!-- Test -->
