<?xml version="1.0" encoding="UTF-8"?>
<!-- Generated by org.testng.reporters.JUnitXMLReporter -->
<testsuite hostname="DS-SGH631RNND" ignored="0" name="Test123" tests="3" failures="0" timestamp="11 Jan 2019 11:24:00 GMT" time="0.0" errors="0">
  <testcase name="basic" time="0.0" classname="basic_package.basic_class"/>
  <testcase name="basic2" time="0.0" classname="basic_package.basic_class"/>
  <testcase name="demo" time="0.0" classname="basic_package.basic_class"/>
</testsuite> <!-- Test123 -->
